<bound method QuerySet.count of <QuerySet []>>
<bound method QuerySet.count of <QuerySet []>>
<bound method QuerySet.count of <QuerySet []>>
<bound method QuerySet.count of <QuerySet []>>
<bound method QuerySet.count of <QuerySet []>>
<bound method QuerySet.count of <QuerySet []>>
<bound method QuerySet.count of <QuerySet []>>
<bound method QuerySet.count of <QuerySet []>>
<bound method QuerySet.count of <QuerySet []>>
<bound method QuerySet.count of <QuerySet []>>
<bound method QuerySet.count of <QuerySet []>>
<bound method QuerySet.count of <QuerySet []>>
<bound method QuerySet.count of <QuerySet []>>
<bound method QuerySet.count of <QuerySet []>>
<bound method QuerySet.count of <QuerySet []>>
<bound method QuerySet.count of <QuerySet []>>
<bound method QuerySet.count of <QuerySet []>>
<bound method QuerySet.count of <QuerySet []>>
<bound method QuerySet.count of <QuerySet []>>
<bound method QuerySet.count of <QuerySet []>>
<bound method QuerySet.count of <QuerySet []>>
<bound method QuerySet.count of <QuerySet []>>
<bound method QuerySet.count of <QuerySet []>>
<bound method QuerySet.count of <QuerySet []>>
<bound method QuerySet.count of <QuerySet []>>
<bound method QuerySet.count of <QuerySet []>>
<bound method QuerySet.count of <QuerySet []>>
<bound method QuerySet.count of <QuerySet []>>
<bound method QuerySet.count of <QuerySet []>>
<bound method QuerySet.count of <QuerySet []>>
<bound method QuerySet.count of <QuerySet []>>
<bound method QuerySet.count of <QuerySet []>>
<bound method QuerySet.count of <QuerySet []>>
<bound method QuerySet.count of <QuerySet []>>
<bound method QuerySet.count of <QuerySet []>>
<bound method QuerySet.count of <QuerySet []>>
<bound method QuerySet.count of <QuerySet []>>
<bound method QuerySet.count of <QuerySet []>>
<bound method QuerySet.count of <QuerySet []>>
<bound method QuerySet.count of <QuerySet []>>
<bound method QuerySet.count of <QuerySet []>>
<bound method QuerySet.count of <QuerySet []>>
<bound method QuerySet.count of <QuerySet []>>
<bound method QuerySet.count of <QuerySet []>>
<bound method QuerySet.count of <QuerySet []>>
<bound method QuerySet.count of <QuerySet []>>
<bound method QuerySet.count of <QuerySet []>>
<bound method QuerySet.count of <QuerySet []>>
<bound method QuerySet.count of <QuerySet []>>
<bound method QuerySet.count of <QuerySet []>>
<bound method QuerySet.count of <QuerySet []>>
<bound method QuerySet.count of <QuerySet []>>
<bound method QuerySet.count of <QuerySet []>>
<bound method QuerySet.count of <QuerySet []>>
<bound method QuerySet.count of <QuerySet []>>
<bound method QuerySet.count of <QuerySet []>>
<bound method QuerySet.count of <QuerySet []>>
<bound method QuerySet.count of <QuerySet []>>
<bound method QuerySet.count of <QuerySet []>>
<bound method QuerySet.count of <QuerySet []>>
<bound method QuerySet.count of <QuerySet []>>
<bound method QuerySet.count of <QuerySet []>>
<bound method QuerySet.count of <QuerySet []>>
<bound method QuerySet.count of <QuerySet []>>
<bound method QuerySet.count of <QuerySet []>>
<bound method QuerySet.count of <QuerySet []>>
<bound method QuerySet.count of <QuerySet []>>
<bound method QuerySet.count of <QuerySet []>>
<bound method QuerySet.count of <QuerySet []>>
<bound method QuerySet.count of <QuerySet []>>
<bound method QuerySet.count of <QuerySet []>>
<bound method QuerySet.count of <QuerySet []>>
<bound method QuerySet.count of <QuerySet []>>
<bound method QuerySet.count of <QuerySet []>>
<bound method QuerySet.count of <QuerySet []>>
<bound method QuerySet.count of <QuerySet []>>
<bound method QuerySet.count of <QuerySet []>>
<bound method QuerySet.count of <QuerySet []>>
<bound method QuerySet.count of <QuerySet []>>
<bound method QuerySet.count of <QuerySet []>>
<bound method QuerySet.count of <QuerySet []>>
<bound method QuerySet.count of <QuerySet []>>
<bound method QuerySet.count of <QuerySet []>>
<bound method QuerySet.count of <QuerySet []>>
<bound method QuerySet.count of <QuerySet []>>
<bound method QuerySet.count of <QuerySet []>>
<bound method QuerySet.count of <QuerySet []>>
<bound method QuerySet.count of <QuerySet []>>
<bound method QuerySet.count of <QuerySet []>>
<bound method QuerySet.count of <QuerySet []>>
<bound method QuerySet.count of <QuerySet []>>
<bound method QuerySet.count of <QuerySet []>>
<bound method QuerySet.count of <QuerySet []>>
<bound method QuerySet.count of <QuerySet []>>
0
0
0
0
0
0
0
0
0
0
0
0
0
0
0
0
0
0
0
0
0
0
0
0
0
0
0
0
0
0
0
0
0
0
0
0
0
0
0
0
0
0
0
0
0
0
0
0
0
0
0
0
0
0
0
0
0
0
0
0
0
0
0
0
0
0
0
0
0
0
0
0
0
0
0
0
0
0
0
0
0
0
0
0
0
0
0
0
0
0
0
0
0
0
0
0
0
0
0
0
0
0
0
0
0
0
0
0
0
0
0
0
0
0
0
0
0
0
0
0
0
0
0
0
0
0
0
0
0
0
0
0
0
0
0
0
0
0
0
0
0
0
0
0
0
0
0
0
0
0
0
0
0
0
0
0
0
0
0
0
0
0
0
0
0
0
0
0
0
0
0
0
0
0
0
0
0
0
0
0
0
0
0
0
0
0
0
0
<QuerySet []>
0
0
0
0
0
0
0
0
0
0
0
0
0
0
0
0
0
0
0
0
0
0
0
0
0
0
0
0
0
0
0
0
0
0
0
0
0
0
0
0
0
0
0
0
0
0
0
0
0
0
0
0
0
0
0
0
0
0
0
0
0
0
0
0
0
0
0
0
0
0
0
0
0
0
0
0
0
0
0
0
0
0
0
0
0
0
0
0
0
0
0
0
0
0
<QuerySet [<Record: 20231123 step bt132@duke.edu>, <Record: 20231123 distance bt132@duke.edu>, <Record: 20231123 rest_heart_rate bt132@duke.edu>, <Record: 20231123 avg_heart_rate bt132@duke.edu>, <Record: 20231123 calorie bt132@duke.edu>, <Record: 20231123 sleep_time bt132@duke.edu>, <Record: 20231123 sleep_duration bt132@duke.edu>, <Record: 20231123 screen_time bt132@duke.edu>, <Record: 20231123 step_time bt132@duke.edu>, <Record: 20231123 carbon_emission bt132@duke.edu>, <Record: 20231123 step bz106@duke.edu>, <Record: 20231123 distance bz106@duke.edu>, <Record: 20231123 rest_heart_rate bz106@duke.edu>, <Record: 20231123 avg_heart_rate bz106@duke.edu>, <Record: 20231123 calorie bz106@duke.edu>, <Record: 20231123 sleep_time bz106@duke.edu>, <Record: 20231123 sleep_duration bz106@duke.edu>, <Record: 20231123 carbon_emission bz106@duke.edu>, <Record: 20231123 step lw337@duke.edu>, <Record: 20231123 calorie lw337@duke.edu>, '...(remaining elements truncated)...']>
43
36
0
92
0
2
58
55
0
0
75
0
0
57
0
0
0
24
68
6
0
78
0
68
50
8
75
70
89
72
95
67
80
48
61
62
46
46
77
4
71
94
71
28
27
57
84
44
77
74
72
53
70
65
3
29
45
44
12
36
70
35
7
40
87
64
23
44
27
63
20
45
20
37
24
12
36
24
5
57
28
11
22
47
28
23
12
15
45
13
39
38
33
21
43
36
0
92
0
2
58
55
0
0
75
0
0
57
0
0
0
24
68
6
0
78
0
68
50
8
75
70
89
72
95
67
80
48
61
62
46
46
77
4
71
94
71
28
27
57
84
44
77
74
72
53
70
65
3
29
45
44
12
36
70
35
7
40
87
64
23
44
27
63
20
45
20
37
24
12
36
24
5
57
28
11
22
47
28
23
12
15
45
13
39
38
33
21
43
36
0
92
0
2
58
55
0
0
75
0
0
57
0
0
0
24
68
6
0
78
0
68
50
8
75
70
89
72
95
67
80
48
61
62
46
46
77
4
71
94
71
28
27
57
84
44
77
74
72
53
70
65
3
29
45
44
12
36
70
35
7
40
87
64
23
44
27
63
20
45
20
37
24
12
36
24
5
57
28
11
22
47
28
23
12
15
45
13
39
38
33
21
43
36
0
92
0
2
58
55
0
0
75
0
0
57
0
0
0
24
68
6
0
78
0
68
50
8
75
70
89
72
95
67
80
48
61
62
46
46
77
4
71
94
71
28
27
57
84
44
77
74
72
53
70
65
3
29
45
44
12
36
70
35
7
40
87
64
23
44
27
63
20
45
20
37
24
12
36
24
5
57
28
11
22
47
28
23
12
15
45
13
39
38
33
21
43
36
0
92
0
2
58
55
0
0
75
0
0
57
0
0
0
24
68
6
0
78
0
68
50
8
75
70
89
72
95
67
80
48
61
62
46
46
77
4
71
94
71
28
27
57
84
44
77
74
72
53
70
65
3
29
45
44
12
36
70
35
7
40
87
64
23
44
27
63
20
45
20
37
24
12
36
24
5
57
28
11
22
47
28
23
12
15
45
13
39
38
33
21
43
36
0
92
0
2
58
55
0
0
75
0
0
57
0
0
0
24
68
6
0
78
0
68
50
8
75
70
89
72
95
67
80
48
61
62
46
46
77
4
71
94
71
28
27
57
84
44
77
74
72
53
70
65
3
29
45
44
12
36
70
35
7
40
87
64
23
44
27
63
20
45
20
37
24
12
36
24
5
57
28
11
22
47
28
23
12
15
45
13
39
38
33
21
